<?xml version="1.0" encoding="UTF-8"?>
<!-- Generated by org.testng.reporters.JUnitXMLReporter -->
<testsuite hostname="DESKTOP-C24ITVD" ignored="0" name="Default test" tests="4" failures="0" timestamp="2022-05-09T06:12:59 IST" time="22.667" errors="0">
  <testcase name="launchMegaApplication" time="5.564" classname="Tests.MegaDesktopTest"/>
  <testcase name="shouldClickOnLinux" time="0.448" classname="Tests.MegaDesktopTest"/>
  <testcase name="shouldClickOnLinuxDistribution" time="0.206" classname="Tests.MegaDesktopTest"/>
  <testcase name="testLinks" time="10.377" classname="Tests.MegaDesktopTest"/>
</testsuite> <!-- Default test -->
