<?xml version="1.0" encoding="UTF-8"?>
<!-- Generated by org.testng.reporters.JUnitXMLReporter -->
<testsuite hostname="DESKTOP-C24ITVD" ignored="0" name="MegaWebTest" tests="4" failures="0" timestamp="2022-05-09T06:19:57 IST" time="18.394" errors="0">
  <testcase name="launchMegaApplication" time="4.885" classname="tests.MegaDesktopTest"/>
  <testcase name="shouldClickOnLinux" time="0.449" classname="tests.MegaDesktopTest"/>
  <testcase name="shouldClickOnLinuxDistribution" time="0.179" classname="tests.MegaDesktopTest"/>
  <testcase name="testLinks" time="6.445" classname="tests.MegaDesktopTest"/>
</testsuite> <!-- MegaWebTest -->
